This file contains any messages produced by compilers while
running configure, to aid debugging if configure makes a mistake.

It was created by libmnl configure 1.0.4, which was
generated by GNU Autoconf 2.69.  Invocation command line was

  $ ./configure 

## --------- ##
## Platform. ##
## --------- ##

hostname = debian
uname -m = x86_64
uname -r = 4.19.0-12-amd64
uname -s = Linux
uname -v = #1 SMP Debian 4.19.152-1 (2020-10-18)

/usr/bin/uname -p = unknown
/bin/uname -X     = unknown

/bin/arch              = x86_64
/usr/bin/arch -k       = unknown
/usr/convex/getsysinfo = unknown
/usr/bin/hostinfo      = unknown
/bin/machine           = unknown
/usr/bin/oslevel       = unknown
/bin/universe          = unknown

PATH: /usr/local/bin
PATH: /usr/bin
PATH: /bin
PATH: /usr/local/games
PATH: /usr/games


## ----------- ##
## Core tests. ##
## ----------- ##

configure:2142: checking build system type
configure:2156: result: x86_64-unknown-linux-gnu
configure:2176: checking host system type
configure:2189: result: x86_64-unknown-linux-gnu
configure:2228: checking for a BSD-compatible install
configure:2296: result: /usr/bin/install -c
configure:2307: checking whether build environment is sane
configure:2362: result: yes
configure:2511: checking for a thread-safe mkdir -p
configure:2550: result: /usr/bin/mkdir -p
configure:2557: checking for gawk
configure:2587: result: no
configure:2557: checking for mawk
configure:2573: found /usr/bin/mawk
configure:2584: result: mawk
configure:2595: checking whether make sets $(MAKE)
configure:2617: result: yes
configure:2646: checking whether make supports nested variables
configure:2663: result: yes
configure:2742: checking how to create a pax tar archive
configure:2753: tar --version
tar (GNU tar) 1.30
Copyright (C) 2017 Free Software Foundation, Inc.
License GPLv3+: GNU GPL version 3 or later <https://gnu.org/licenses/gpl.html>.
This is free software: you are free to change and redistribute it.
There is NO WARRANTY, to the extent permitted by law.

Written by John Gilmore and Jay Fenlason.
configure:2756: $? = 0
configure:2796: tardir=conftest.dir && eval tar --format=posix -chf - "$tardir" >conftest.tar
configure:2799: $? = 0
configure:2803: tar -xf - <conftest.tar
configure:2806: $? = 0
configure:2808: cat conftest.dir/file
GrepMe
configure:2811: $? = 0
configure:2824: result: gnutar
configure:2886: checking whether make supports nested variables
configure:2903: result: yes
configure:2963: checking for gcc
configure:2979: found /usr/bin/gcc
configure:2990: result: gcc
configure:3219: checking for C compiler version
configure:3228: gcc --version >&5
gcc (Debian 8.3.0-6) 8.3.0
Copyright (C) 2018 Free Software Foundation, Inc.
This is free software; see the source for copying conditions.  There is NO
warranty; not even for MERCHANTABILITY or FITNESS FOR A PARTICULAR PURPOSE.

configure:3239: $? = 0
configure:3228: gcc -v >&5
Using built-in specs.
COLLECT_GCC=gcc
COLLECT_LTO_WRAPPER=/usr/lib/gcc/x86_64-linux-gnu/8/lto-wrapper
OFFLOAD_TARGET_NAMES=nvptx-none
OFFLOAD_TARGET_DEFAULT=1
Target: x86_64-linux-gnu
Configured with: ../src/configure -v --with-pkgversion='Debian 8.3.0-6' --with-bugurl=file:///usr/share/doc/gcc-8/README.Bugs --enable-languages=c,ada,c++,go,brig,d,fortran,objc,obj-c++ --prefix=/usr --with-gcc-major-version-only --program-suffix=-8 --program-prefix=x86_64-linux-gnu- --enable-shared --enable-linker-build-id --libexecdir=/usr/lib --without-included-gettext --enable-threads=posix --libdir=/usr/lib --enable-nls --enable-bootstrap --enable-clocale=gnu --enable-libstdcxx-debug --enable-libstdcxx-time=yes --with-default-libstdcxx-abi=new --enable-gnu-unique-object --disable-vtable-verify --enable-libmpx --enable-plugin --enable-default-pie --with-system-zlib --with-target-system-zlib --enable-objc-gc=auto --enable-multiarch --disable-werror --with-arch-32=i686 --with-abi=m64 --with-multilib-list=m32,m64,mx32 --enable-multilib --with-tune=generic --enable-offload-targets=nvptx-none --without-cuda-driver --enable-checking=release --build=x86_64-linux-gnu --host=x86_64-linux-gnu --target=x86_64-linux-gnu
Thread model: posix
gcc version 8.3.0 (Debian 8.3.0-6) 
configure:3239: $? = 0
configure:3228: gcc -V >&5
gcc: error: unrecognized command line option '-V'
gcc: fatal error: no input files
compilation terminated.
configure:3239: $? = 1
configure:3228: gcc -qversion >&5
gcc: error: unrecognized command line option '-qversion'; did you mean '--version'?
gcc: fatal error: no input files
compilation terminated.
configure:3239: $? = 1
configure:3259: checking whether the C compiler works
configure:3281: gcc    conftest.c  >&5
configure:3285: $? = 0
configure:3333: result: yes
configure:3336: checking for C compiler default output file name
configure:3338: result: a.out
configure:3344: checking for suffix of executables
configure:3351: gcc -o conftest    conftest.c  >&5
configure:3355: $? = 0
configure:3377: result: 
configure:3399: checking whether we are cross compiling
configure:3407: gcc -o conftest    conftest.c  >&5
configure:3411: $? = 0
configure:3418: ./conftest
configure:3422: $? = 0
configure:3410: result: no
configure:3415: checking for suffix of object files
configure:3437: gcc -c   conftest.c >&5
configure:3441: $? = 0
configure:3462: result: o
configure:3466: checking whether we are using the GNU C compiler
configure:3485: gcc -c   conftest.c >&5
configure:3485: $? = 0
configure:3494: result: yes
configure:3503: checking whether gcc accepts -g
configure:3523: gcc -c -g  conftest.c >&5
configure:3523: $? = 0
configure:3564: result: yes
configure:3581: checking for gcc option to accept ISO C89
configure:3644: gcc  -c -g -O2  conftest.c >&5
configure:3644: $? = 0
configure:3657: result: none needed
configure:3682: checking whether gcc understands -c and -o together
configure:3704: gcc -c conftest.c -o conftest2.o
configure:3707: $? = 0
configure:3704: gcc -c conftest.c -o conftest2.o
configure:3707: $? = 0
configure:3719: result: yes
configure:3747: checking for style of include used by make
configure:3775: result: GNU
configure:3801: checking dependency style of gcc
configure:3912: result: gcc3
configure:4006: checking how to print strings
configure:4033: result: printf
configure:4054: checking for a sed that does not truncate output
configure:4118: result: /usr/bin/sed
configure:4136: checking for grep that handles long lines and -e
configure:4194: result: /usr/bin/grep
configure:4199: checking for egrep
configure:4261: result: /usr/bin/grep -E
configure:4266: checking for fgrep
configure:4328: result: /usr/bin/grep -F
configure:4363: checking for ld used by gcc
configure:4430: result: /usr/bin/ld
configure:4437: checking if the linker (/usr/bin/ld) is GNU ld
configure:4452: result: yes
configure:4464: checking for BSD- or MS-compatible name lister (nm)
configure:4513: result: /usr/bin/nm -B
configure:4643: checking the name lister (/usr/bin/nm -B) interface
configure:4650: gcc -c -g -O2  conftest.c >&5
configure:4653: /usr/bin/nm -B "conftest.o"
configure:4656: output
0000000000000000 B some_variable
configure:4657: result: BSD nm
configure:4660: checking whether ln -s works
configure:4664: result: yes
configure:4672: checking the maximum length of command line arguments
configure:4803: result: 1572864
configure:4820: checking whether the shell understands some XSI constructs
configure:4829: result: yes
configure:4833: checking whether the shell understands "+="
configure:4837: result: yes
configure:4872: checking how to convert x86_64-unknown-linux-gnu file names to x86_64-unknown-linux-gnu format
configure:4912: result: func_convert_file_noop
configure:4919: checking how to convert x86_64-unknown-linux-gnu file names to toolchain format
configure:4939: result: func_convert_file_noop
configure:4946: checking for /usr/bin/ld option to reload object files
configure:4953: result: -r
configure:5027: checking for objdump
configure:5043: found /usr/bin/objdump
configure:5054: result: objdump
configure:5086: checking how to recognize dependent libraries
configure:5284: result: pass_all
configure:5369: checking for dlltool
configure:5399: result: no
configure:5429: checking how to associate runtime and link libraries
configure:5456: result: printf %s\n
configure:5517: checking for ar
configure:5533: found /usr/bin/ar
configure:5544: result: ar
configure:5581: checking for archiver @FILE support
configure:5598: gcc -c -g -O2  conftest.c >&5
configure:5598: $? = 0
configure:5601: ar cru libconftest.a @conftest.lst >&5
ar: `u' modifier ignored since `D' is the default (see `U')
configure:5604: $? = 0
configure:5609: ar cru libconftest.a @conftest.lst >&5
ar: `u' modifier ignored since `D' is the default (see `U')
ar: conftest.o: No such file or directory
configure:5612: $? = 1
configure:5611: result: @
configure:5669: checking for strip
configure:5685: found /usr/bin/strip
configure:5696: result: strip
configure:5768: checking for ranlib
configure:5784: found /usr/bin/ranlib
configure:5795: result: ranlib
configure:5897: checking command to parse /usr/bin/nm -B output from gcc object
configure:6017: gcc -c -g -O2  conftest.c >&5
configure:6020: $? = 0
configure:6024: /usr/bin/nm -B conftest.o \| sed -n -e 's/^.*[ ]\([ABCDGIRSTW][ABCDGIRSTW]*\)[ ][ ]*\([_A-Za-z][_A-Za-z0-9]*\)$/\1 \2 \2/p' | sed '/ __gnu_lto/d' \> conftest.nm
configure:6027: $? = 0
configure:6093: gcc -o conftest -g -O2   conftest.c conftstm.o >&5
configure:6096: $? = 0
configure:6134: result: ok
configure:6171: checking for sysroot
configure:6201: result: no
configure:6278: gcc -c -g -O2  conftest.c >&5
configure:6281: $? = 0
configure:6470: checking for mt
configure:6486: found /usr/bin/mt
configure:6497: result: mt
configure:6520: checking if mt is a manifest tool
configure:6526: mt '-?'
configure:6534: result: no
configure:7176: checking how to run the C preprocessor
configure:7207: gcc -E  conftest.c
configure:7207: $? = 0
configure:7221: gcc -E  conftest.c
conftest.c:11:10: fatal error: ac_nonexistent.h: No such file or directory
 #include <ac_nonexistent.h>
          ^~~~~~~~~~~~~~~~~~
compilation terminated.
configure:7221: $? = 1
configure: failed program was:
| /* confdefs.h */
| #define PACKAGE_NAME "libmnl"
| #define PACKAGE_TARNAME "libmnl"
| #define PACKAGE_VERSION "1.0.4"
| #define PACKAGE_STRING "libmnl 1.0.4"
| #define PACKAGE_BUGREPORT ""
| #define PACKAGE_URL ""
| #define PACKAGE "libmnl"
| #define VERSION "1.0.4"
| /* end confdefs.h.  */
| #include <ac_nonexistent.h>
configure:7246: result: gcc -E
configure:7266: gcc -E  conftest.c
configure:7266: $? = 0
configure:7280: gcc -E  conftest.c
conftest.c:11:10: fatal error: ac_nonexistent.h: No such file or directory
 #include <ac_nonexistent.h>
          ^~~~~~~~~~~~~~~~~~
compilation terminated.
configure:7280: $? = 1
configure: failed program was:
| /* confdefs.h */
| #define PACKAGE_NAME "libmnl"
| #define PACKAGE_TARNAME "libmnl"
| #define PACKAGE_VERSION "1.0.4"
| #define PACKAGE_STRING "libmnl 1.0.4"
| #define PACKAGE_BUGREPORT ""
| #define PACKAGE_URL ""
| #define PACKAGE "libmnl"
| #define VERSION "1.0.4"
| /* end confdefs.h.  */
| #include <ac_nonexistent.h>
configure:7309: checking for ANSI C header files
configure:7329: gcc -c -g -O2  conftest.c >&5
configure:7329: $? = 0
configure:7402: gcc -o conftest -g -O2   conftest.c  >&5
configure:7402: $? = 0
configure:7402: ./conftest
configure:7402: $? = 0
configure:7413: result: yes
configure:7426: checking for sys/types.h
configure:7426: gcc -c -g -O2  conftest.c >&5
configure:7426: $? = 0
configure:7426: result: yes
configure:7426: checking for sys/stat.h
configure:7426: gcc -c -g -O2  conftest.c >&5
configure:7426: $? = 0
configure:7426: result: yes
configure:7426: checking for stdlib.h
configure:7426: gcc -c -g -O2  conftest.c >&5
configure:7426: $? = 0
configure:7426: result: yes
configure:7426: checking for string.h
configure:7426: gcc -c -g -O2  conftest.c >&5
configure:7426: $? = 0
configure:7426: result: yes
configure:7426: checking for memory.h
configure:7426: gcc -c -g -O2  conftest.c >&5
configure:7426: $? = 0
configure:7426: result: yes
configure:7426: checking for strings.h
configure:7426: gcc -c -g -O2  conftest.c >&5
configure:7426: $? = 0
configure:7426: result: yes
configure:7426: checking for inttypes.h
configure:7426: gcc -c -g -O2  conftest.c >&5
configure:7426: $? = 0
configure:7426: result: yes
configure:7426: checking for stdint.h
configure:7426: gcc -c -g -O2  conftest.c >&5
configure:7426: $? = 0
configure:7426: result: yes
configure:7426: checking for unistd.h
configure:7426: gcc -c -g -O2  conftest.c >&5
configure:7426: $? = 0
configure:7426: result: yes
configure:7440: checking for dlfcn.h
configure:7440: gcc -c -g -O2  conftest.c >&5
configure:7440: $? = 0
configure:7440: result: yes
configure:7616: checking for objdir
configure:7631: result: .libs
configure:7902: checking if gcc supports -fno-rtti -fno-exceptions
configure:7920: gcc -c -g -O2  -fno-rtti -fno-exceptions conftest.c >&5
cc1: warning: command line option '-fno-rtti' is valid for C++/ObjC++ but not for C
configure:7924: $? = 0
configure:7937: result: no
configure:8264: checking for gcc option to produce PIC
configure:8271: result: -fPIC -DPIC
configure:8279: checking if gcc PIC flag -fPIC -DPIC works
configure:8297: gcc -c -g -O2  -fPIC -DPIC -DPIC conftest.c >&5
configure:8301: $? = 0
configure:8314: result: yes
configure:8343: checking if gcc static flag -static works
configure:8371: result: yes
configure:8386: checking if gcc supports -c -o file.o
configure:8407: gcc -c -g -O2  -o out/conftest2.o conftest.c >&5
configure:8411: $? = 0
configure:8433: result: yes
configure:8441: checking if gcc supports -c -o file.o
configure:8488: result: yes
configure:8521: checking whether the gcc linker (/usr/bin/ld -m elf_x86_64) supports shared libraries
configure:9678: result: yes
configure:9715: checking whether -lc should be explicitly linked in
configure:9723: gcc -c -g -O2  conftest.c >&5
configure:9726: $? = 0
configure:9741: gcc -shared  -fPIC -DPIC conftest.o  -v -Wl,-soname -Wl,conftest -o conftest 2\>\&1 \| /usr/bin/grep  -lc  \>/dev/null 2\>\&1
configure:9744: $? = 0
configure:9758: result: no
configure:9918: checking dynamic linker characteristics
configure:10418: gcc -o conftest -g -O2   -Wl,-rpath -Wl,/foo conftest.c  >&5
configure:10418: $? = 0
configure:10652: result: GNU/Linux ld.so
configure:10759: checking how to hardcode library paths into programs
configure:10784: result: immediate
configure:11324: checking whether stripping libraries is possible
configure:11329: result: yes
configure:11364: checking if libtool supports shared libraries
configure:11366: result: yes
configure:11369: checking whether to build shared libraries
configure:11390: result: yes
configure:11393: checking whether to build static libraries
configure:11397: result: no
configure:8448: checking whether compiler accepts -fvisibility=hidden
configure:8457: gcc -c -g -O2 -fvisibility=hidden  conftest.c >&5
configure:8457: $? = 0
configure:8465: result: yes
configure:8596: checking that generated files are newer than configure
configure:8602: result: done
configure:8625: creating ./config.status

## ---------------------- ##
## Running config.status. ##
## ---------------------- ##

This file was extended by libmnl config.status 1.0.4, which was
generated by GNU Autoconf 2.69.  Invocation command line was

  CONFIG_FILES    = 
  CONFIG_HEADERS  = 
  CONFIG_LINKS    = 
  CONFIG_COMMANDS = 
  $ ./config.status 

on debian

config.status:1092: creating Makefile
config.status:1092: creating src/Makefile
config.status:1092: creating include/Makefile
config.status:1092: creating include/libmnl/Makefile
config.status:1092: creating include/linux/Makefile
config.status:1092: creating include/linux/netfilter/Makefile
config.status:1092: creating examples/Makefile
config.status:1092: creating examples/genl/Makefile
config.status:1092: creating examples/kobject/Makefile
config.status:1092: creating examples/netfilter/Makefile
config.status:1092: creating examples/rtnl/Makefile
config.status:1092: creating libmnl.pc
config.status:1092: creating doxygen.cfg
config.status:1092: creating config.h
config.status:1321: executing depfiles commands
config.status:1321: executing libtool commands

## ---------------- ##
## Cache variables. ##
## ---------------- ##

ac_cv_build=x86_64-unknown-linux-gnu
ac_cv_c_compiler_gnu=yes
ac_cv_env_CC_set=
ac_cv_env_CC_value=
ac_cv_env_CFLAGS_set=
ac_cv_env_CFLAGS_value=
ac_cv_env_CPPFLAGS_set=
ac_cv_env_CPPFLAGS_value=
ac_cv_env_CPP_set=
ac_cv_env_CPP_value=
ac_cv_env_LDFLAGS_set=
ac_cv_env_LDFLAGS_value=
ac_cv_env_LIBS_set=
ac_cv_env_LIBS_value=
ac_cv_env_build_alias_set=
ac_cv_env_build_alias_value=
ac_cv_env_host_alias_set=
ac_cv_env_host_alias_value=
ac_cv_env_target_alias_set=
ac_cv_env_target_alias_value=
ac_cv_fvisibility_hidden=yes
ac_cv_header_dlfcn_h=yes
ac_cv_header_inttypes_h=yes
ac_cv_header_memory_h=yes
ac_cv_header_stdc=yes
ac_cv_header_stdint_h=yes
ac_cv_header_stdlib_h=yes
ac_cv_header_string_h=yes
ac_cv_header_strings_h=yes
ac_cv_header_sys_stat_h=yes
ac_cv_header_sys_types_h=yes
ac_cv_header_unistd_h=yes
ac_cv_host=x86_64-unknown-linux-gnu
ac_cv_objext=o
ac_cv_path_EGREP='/usr/bin/grep -E'
ac_cv_path_FGREP='/usr/bin/grep -F'
ac_cv_path_GREP=/usr/bin/grep
ac_cv_path_SED=/usr/bin/sed
ac_cv_path_install='/usr/bin/install -c'
ac_cv_path_mkdir=/usr/bin/mkdir
ac_cv_prog_AWK=mawk
ac_cv_prog_CPP='gcc -E'
ac_cv_prog_ac_ct_AR=ar
ac_cv_prog_ac_ct_CC=gcc
ac_cv_prog_ac_ct_MANIFEST_TOOL=mt
ac_cv_prog_ac_ct_OBJDUMP=objdump
ac_cv_prog_ac_ct_RANLIB=ranlib
ac_cv_prog_ac_ct_STRIP=strip
ac_cv_prog_cc_c89=
ac_cv_prog_cc_g=yes
ac_cv_prog_make_make_set=yes
am_cv_CC_dependencies_compiler_type=gcc3
am_cv_make_support_nested_variables=yes
am_cv_prog_cc_c_o=yes
am_cv_prog_tar_pax=gnutar
lt_cv_ar_at_file=@
lt_cv_archive_cmds_need_lc=no
lt_cv_deplibs_check_method=pass_all
lt_cv_file_magic_cmd='$MAGIC_CMD'
lt_cv_file_magic_test_file=
lt_cv_ld_reload_flag=-r
lt_cv_nm_interface='BSD nm'
lt_cv_objdir=.libs
lt_cv_path_LD=/usr/bin/ld
lt_cv_path_NM='/usr/bin/nm -B'
lt_cv_path_mainfest_tool=no
lt_cv_prog_compiler_c_o=yes
lt_cv_prog_compiler_pic='-fPIC -DPIC'
lt_cv_prog_compiler_pic_works=yes
lt_cv_prog_compiler_rtti_exceptions=no
lt_cv_prog_compiler_static_works=yes
lt_cv_prog_gnu_ld=yes
lt_cv_sharedlib_from_linklib_cmd='printf %s\n'
lt_cv_shlibpath_overrides_runpath=yes
lt_cv_sys_global_symbol_pipe='sed -n -e '\''s/^.*[	 ]\([ABCDGIRSTW][ABCDGIRSTW]*\)[	 ][	 ]*\([_A-Za-z][_A-Za-z0-9]*\)$/\1 \2 \2/p'\'' | sed '\''/ __gnu_lto/d'\'''
lt_cv_sys_global_symbol_to_c_name_address='sed -n -e '\''s/^: \([^ ]*\)[ ]*$/  {\"\1\", (void *) 0},/p'\'' -e '\''s/^[ABCDGIRSTW]* \([^ ]*\) \([^ ]*\)$/  {"\2", (void *) \&\2},/p'\'''
lt_cv_sys_global_symbol_to_c_name_address_lib_prefix='sed -n -e '\''s/^: \([^ ]*\)[ ]*$/  {\"\1\", (void *) 0},/p'\'' -e '\''s/^[ABCDGIRSTW]* \([^ ]*\) \(lib[^ ]*\)$/  {"\2", (void *) \&\2},/p'\'' -e '\''s/^[ABCDGIRSTW]* \([^ ]*\) \([^ ]*\)$/  {"lib\2", (void *) \&\2},/p'\'''
lt_cv_sys_global_symbol_to_cdecl='sed -n -e '\''s/^T .* \(.*\)$/extern int \1();/p'\'' -e '\''s/^[ABCDGIRSTW]* .* \(.*\)$/extern char \1;/p'\'''
lt_cv_sys_max_cmd_len=1572864
lt_cv_to_host_file_cmd=func_convert_file_noop
lt_cv_to_tool_file_cmd=func_convert_file_noop

## ----------------- ##
## Output variables. ##
## ----------------- ##

ACLOCAL='${SHELL} /home/chris/libmnl-1.0.4/build-aux/missing aclocal-1.14'
AMDEPBACKSLASH='\'
AMDEP_FALSE='#'
AMDEP_TRUE=''
AMTAR='$${TAR-tar}'
AM_BACKSLASH='\'
AM_DEFAULT_V='$(AM_DEFAULT_VERBOSITY)'
AM_DEFAULT_VERBOSITY='0'
AM_V='$(V)'
AR='ar'
AUTOCONF='${SHELL} /home/chris/libmnl-1.0.4/build-aux/missing autoconf'
AUTOHEADER='${SHELL} /home/chris/libmnl-1.0.4/build-aux/missing autoheader'
AUTOMAKE='${SHELL} /home/chris/libmnl-1.0.4/build-aux/missing automake-1.14'
AWK='mawk'
CC='gcc'
CCDEPMODE='depmode=gcc3'
CFLAGS='-g -O2'
CPP='gcc -E'
CPPFLAGS=''
CYGPATH_W='echo'
DEFS='-DHAVE_CONFIG_H'
DEPDIR='.deps'
DLLTOOL='false'
DSYMUTIL=''
DUMPBIN=''
ECHO_C=''
ECHO_N='-n'
ECHO_T=''
EGREP='/usr/bin/grep -E'
EXEEXT=''
FGREP='/usr/bin/grep -F'
GCC_FVISIBILITY_HIDDEN='-fvisibility=hidden'
GREP='/usr/bin/grep'
INSTALL_DATA='${INSTALL} -m 644'
INSTALL_PROGRAM='${INSTALL}'
INSTALL_SCRIPT='${INSTALL}'
INSTALL_STRIP_PROGRAM='$(install_sh) -c -s'
LD='/usr/bin/ld -m elf_x86_64'
LDFLAGS=''
LIBOBJS=''
LIBS=''
LIBTOOL='$(SHELL) $(top_builddir)/libtool'
LIPO=''
LN_S='ln -s'
LTLIBOBJS=''
MAKEINFO='${SHELL} /home/chris/libmnl-1.0.4/build-aux/missing makeinfo'
MANIFEST_TOOL=':'
MKDIR_P='/usr/bin/mkdir -p'
NM='/usr/bin/nm -B'
NMEDIT=''
OBJDUMP='objdump'
OBJEXT='o'
OTOOL64=''
OTOOL=''
PACKAGE='libmnl'
PACKAGE_BUGREPORT=''
PACKAGE_NAME='libmnl'
PACKAGE_STRING='libmnl 1.0.4'
PACKAGE_TARNAME='libmnl'
PACKAGE_URL=''
PACKAGE_VERSION='1.0.4'
PATH_SEPARATOR=':'
RANLIB='ranlib'
SED='/usr/bin/sed'
SET_MAKE=''
SHELL='/bin/bash'
STRIP='strip'
VERSION='1.0.4'
ac_ct_AR='ar'
ac_ct_CC='gcc'
ac_ct_DUMPBIN=''
am__EXEEXT_FALSE=''
am__EXEEXT_TRUE='#'
am__fastdepCC_FALSE='#'
am__fastdepCC_TRUE=''
am__include='include'
am__isrc=''
am__leading_dot='.'
am__nodep='_no'
am__quote=''
am__tar='tar --format=posix -chf - "$$tardir"'
am__untar='tar -xf -'
bindir='${exec_prefix}/bin'
build='x86_64-unknown-linux-gnu'
build_alias=''
build_cpu='x86_64'
build_os='linux-gnu'
build_vendor='unknown'
datadir='${datarootdir}'
datarootdir='${prefix}/share'
docdir='${datarootdir}/doc/${PACKAGE_TARNAME}'
dvidir='${docdir}'
exec_prefix='${prefix}'
host='x86_64-unknown-linux-gnu'
host_alias=''
host_cpu='x86_64'
host_os='linux-gnu'
host_vendor='unknown'
htmldir='${docdir}'
includedir='${prefix}/include'
infodir='${datarootdir}/info'
install_sh='${SHELL} /home/chris/libmnl-1.0.4/build-aux/install-sh'
libdir='${exec_prefix}/lib'
libexecdir='${exec_prefix}/libexec'
localedir='${datarootdir}/locale'
localstatedir='${prefix}/var'
mandir='${datarootdir}/man'
mkdir_p='$(MKDIR_P)'
oldincludedir='/usr/include'
pdfdir='${docdir}'
prefix='/usr/local'
program_transform_name='s,x,x,'
psdir='${docdir}'
regular_CFLAGS='-Wall -Waggregate-return -Wmissing-declarations 	-Wmissing-prototypes -Wshadow -Wstrict-prototypes 	-Wformat=2 -pipe'
regular_CPPFLAGS='-D_FILE_OFFSET_BITS=64 -D_REENTRANT'
sbindir='${exec_prefix}/sbin'
sharedstatedir='${prefix}/com'
sysconfdir='${prefix}/etc'
target_alias=''

## ----------- ##
## confdefs.h. ##
## ----------- ##

/* confdefs.h */
#define PACKAGE_NAME "libmnl"
#define PACKAGE_TARNAME "libmnl"
#define PACKAGE_VERSION "1.0.4"
#define PACKAGE_STRING "libmnl 1.0.4"
#define PACKAGE_BUGREPORT ""
#define PACKAGE_URL ""
#define PACKAGE "libmnl"
#define VERSION "1.0.4"
#define STDC_HEADERS 1
#define HAVE_SYS_TYPES_H 1
#define HAVE_SYS_STAT_H 1
#define HAVE_STDLIB_H 1
#define HAVE_STRING_H 1
#define HAVE_MEMORY_H 1
#define HAVE_STRINGS_H 1
#define HAVE_INTTYPES_H 1
#define HAVE_STDINT_H 1
#define HAVE_UNISTD_H 1
#define HAVE_DLFCN_H 1
#define LT_OBJDIR ".libs/"
#define HAVE_VISIBILITY_HIDDEN 1

configure: exit 0
